<?xml version="1.0" encoding="UTF-8"?>
<!-- Generated by org.testng.reporters.JUnitReportReporter -->
<testsuite hostname="HP" failures="0" tests="1" name="testPackage.UserTestCase" time="143.321" errors="0" timestamp="2023-08-03T11:39:22 IST" skipped="0">
  <testcase classname="testPackage.UserTestCase" name="createUserMethod" time="143.321"/>
</testsuite> <!-- testPackage.UserTestCase -->
