<?xml version="1.0" encoding="UTF-8"?>
<!-- Generated by org.testng.reporters.JUnitReportReporter -->
<testsuite hostname="HP" failures="0" tests="1" name="testNGExecution.TestMehod1" time="0.070" errors="0" timestamp="2023-07-18T15:18:25 IST" skipped="0">
  <testcase classname="testNGExecution.TestMehod1" name="testMethod1" time="0.070">
    <system-out>
      <![CDATA[Thread Id of Test Method1 : 16]]>
    </system-out>
  </testcase> <!-- testMethod1 -->
  <system-out>
    <![CDATA[Thread Id of Test Method3 : 18
Thread Id of Test Method5 : 17
Thread Id of Test Method1 : 16]]>
  </system-out>
</testsuite> <!-- testNGExecution.TestMehod1 -->
