<?xml version="1.0" encoding="UTF-8"?>
<!-- Generated by org.testng.reporters.JUnitReportReporter -->
<testsuite hostname="HP" failures="0" tests="1" name="testNGPack2.Remo1" time="50.492" errors="0" timestamp="2023-07-18T14:42:50 IST" skipped="0">
  <testcase classname="testNGPack2.Remo1" name="method1" time="50.492">
    <system-out>
      <![CDATA[This is TestNG from Remo1 !!!!]]>
    </system-out>
  </testcase> <!-- method1 -->
  <system-out>
    <![CDATA[This is TestNG from Remo1 !!!!
This is TestNG from Remo1 !!!!
This is TestNG from Remo1 !!!!]]>
  </system-out>
</testsuite> <!-- testNGPack2.Remo1 -->
