<?xml version="1.0" encoding="UTF-8"?>
<!-- Generated by org.testng.reporters.JUnitReportReporter -->
<testsuite hostname="HP" failures="0" tests="1" name="testNGAnnotation_Flags.OrangeHRMDataprovider" time="40.610" errors="0" timestamp="2023-07-29T11:23:46 IST" skipped="0">
  <testcase classname="testNGAnnotation_Flags.OrangeHRMDataprovider" name="orangehrmlogin" time="40.610"/>
</testsuite> <!-- testNGAnnotation_Flags.OrangeHRMDataprovider -->
