<?xml version="1.0" encoding="UTF-8"?>
<!-- Generated by org.testng.reporters.JUnitReportReporter -->
<testsuite hostname="HP" failures="0" tests="6" name="testNGAnnotation_Flags.Flag6" time="0.061" errors="0" timestamp="2023-07-22T23:05:43 IST" skipped="0">
  <testcase classname="testNGAnnotation_Flags.Flag6" name="st1" time="0.030">
    <system-out>
      <![CDATA[stc1]]>
    </system-out>
  </testcase> <!-- st1 -->
  <testcase classname="testNGAnnotation_Flags.Flag6" name="st3" time="0.007">
    <system-out>
      <![CDATA[stc3]]>
    </system-out>
  </testcase> <!-- st3 -->
  <testcase classname="testNGAnnotation_Flags.Flag6" name="st2" time="0.005">
    <system-out>
      <![CDATA[stc2]]>
    </system-out>
  </testcase> <!-- st2 -->
  <testcase classname="testNGAnnotation_Flags.Flag6" name="st4" time="0.006">
    <system-out>
      <![CDATA[stc4]]>
    </system-out>
  </testcase> <!-- st4 -->
  <testcase classname="testNGAnnotation_Flags.Flag6" name="st5" time="0.007">
    <system-out>
      <![CDATA[stc5]]>
    </system-out>
  </testcase> <!-- st5 -->
  <testcase classname="testNGAnnotation_Flags.Flag6" name="st6" time="0.006">
    <system-out>
      <![CDATA[stc6]]>
    </system-out>
  </testcase> <!-- st6 -->
  <system-out>
    <![CDATA[stc1
stc2
stc3
stc4
stc5
stc6]]>
  </system-out>
</testsuite> <!-- testNGAnnotation_Flags.Flag6 -->
