<?xml version="1.0" encoding="UTF-8"?>
<!-- Generated by org.testng.reporters.JUnitReportReporter -->
<testsuite hostname="HP" failures="0" tests="5" name="testNGAnnotation_Flags.ActitimeDatarovider2" time="65.153" errors="0" timestamp="2023-07-26T15:08:05 IST" skipped="0">
  <testcase classname="testNGAnnotation_Flags.ActitimeDatarovider2" name="invalidLoginMethod" time="12.514"/>
  <testcase classname="testNGAnnotation_Flags.ActitimeDatarovider2" name="invalidLoginMethod" time="9.503"/>
  <testcase classname="testNGAnnotation_Flags.ActitimeDatarovider2" name="invalidLoginMethod" time="19.564"/>
  <testcase classname="testNGAnnotation_Flags.ActitimeDatarovider2" name="invalidLoginMethod" time="8.671"/>
  <testcase classname="testNGAnnotation_Flags.ActitimeDatarovider2" name="invalidLoginMethod" time="14.901"/>
</testsuite> <!-- testNGAnnotation_Flags.ActitimeDatarovider2 -->
