<?xml version="1.0" encoding="UTF-8"?>
<!-- Generated by org.testng.reporters.JUnitReportReporter -->
<testsuite hostname="HP" failures="0" tests="1" name="testNGPackage.Remo" time="0.006" errors="0" timestamp="2023-07-18T22:21:26 IST" skipped="0">
  <testcase classname="testNGPackage.Remo" name="f" time="0.006">
    <system-out>
      <![CDATA[This is Remo TestNG]]>
    </system-out>
  </testcase> <!-- f -->
  <system-out>
    <![CDATA[Demo testNG class
This is Remo TestNG
This is sumo TestNG Class]]>
  </system-out>
</testsuite> <!-- testNGPackage.Remo -->
