<?xml version="1.0" encoding="UTF-8"?>
<!-- Generated by org.testng.reporters.JUnitReportReporter -->
<testsuite hostname="HP" failures="0" tests="2" name="testNGAnnotation_Flags.Flag2" time="0.036" errors="0" timestamp="2023-07-20T23:06:11 IST" skipped="0">
  <testcase classname="testNGAnnotation_Flags.Flag2" name="method2" time="0.005">
    <system-out>
      <![CDATA[Method2 from flag2]]>
    </system-out>
  </testcase> <!-- method2 -->
  <testcase classname="testNGAnnotation_Flags.Flag2" name="method1" time="0.031">
    <system-out>
      <![CDATA[Method1 from flag2]]>
    </system-out>
  </testcase> <!-- method1 -->
  <system-out>
    <![CDATA[Method1 from flag2
Method2 from flag2]]>
  </system-out>
</testsuite> <!-- testNGAnnotation_Flags.Flag2 -->
