<?xml version="1.0" encoding="UTF-8"?>
<!-- Generated by org.testng.reporters.JUnitReportReporter -->
<testsuite hostname="HP" failures="0" tests="1" name="testNGPackage.AssersionInTestNG" time="35.922" errors="0" timestamp="2023-07-24T16:27:47 IST" skipped="0">
  <testcase classname="testNGPackage.AssersionInTestNG" name="verificationMethod" time="35.922"/>
</testsuite> <!-- testNGPackage.AssersionInTestNG -->
