<?xml version="1.0" encoding="UTF-8"?>
<!-- Generated by org.testng.reporters.JUnitReportReporter -->
<testsuite hostname="HP" failures="0" tests="1" name="testNGExecution.TestMehod3" time="0.050" errors="0" timestamp="2023-07-18T15:18:25 IST" skipped="0">
  <testcase classname="testNGExecution.TestMehod3" name="testMethod5" time="0.050">
    <system-out>
      <![CDATA[Thread Id of Test Method5 : 17]]>
    </system-out>
  </testcase> <!-- testMethod5 -->
  <system-out>
    <![CDATA[Thread Id of Test Method3 : 18
Thread Id of Test Method5 : 17
Thread Id of Test Method1 : 16]]>
  </system-out>
</testsuite> <!-- testNGExecution.TestMehod3 -->
