<?xml version="1.0" encoding="UTF-8"?>
<!-- Generated by org.testng.reporters.JUnitReportReporter -->
<testsuite hostname="HP" failures="0" tests="2" name="testNGExecution.SelectBrowser" time="177.697" errors="0" timestamp="2023-07-19T11:43:30 IST" skipped="0">
  <testcase classname="testNGExecution.SelectBrowser" name="chromeMethod" time="89.526"/>
  <testcase classname="testNGExecution.SelectBrowser" name="chromeMethod" time="88.171"/>
</testsuite> <!-- testNGExecution.SelectBrowser -->
