<?xml version="1.0" encoding="UTF-8"?>
<!-- Generated by org.testng.reporters.JUnitReportReporter -->
<testsuite hostname="HP" failures="0" tests="1" name="testNGPack2.Remo2" time="35.273" errors="0" timestamp="2023-07-18T14:42:50 IST" skipped="0">
  <testcase classname="testNGPack2.Remo2" name="method3" time="35.273">
    <system-out>
      <![CDATA[This is TestNG from Remo1 !!!!]]>
    </system-out>
  </testcase> <!-- method3 -->
  <system-out>
    <![CDATA[This is TestNG from Remo1 !!!!
This is TestNG from Remo1 !!!!
This is TestNG from Remo1 !!!!]]>
  </system-out>
</testsuite> <!-- testNGPack2.Remo2 -->
