<?xml version="1.0" encoding="UTF-8"?>
<!-- Generated by org.testng.reporters.JUnitReportReporter -->
<testsuite hostname="HP" failures="0" tests="3" name="testNGAnnotation_Flags.GoogleSearchTestCase" time="160.958" errors="0" timestamp="2023-07-20T22:57:07 IST" skipped="0">
  <testcase classname="testNGAnnotation_Flags.GoogleSearchTestCase" name="search3" time="57.506"/>
  <testcase classname="testNGAnnotation_Flags.GoogleSearchTestCase" name="search2" time="55.126"/>
  <testcase classname="testNGAnnotation_Flags.GoogleSearchTestCase" name="search1" time="48.326"/>
</testsuite> <!-- testNGAnnotation_Flags.GoogleSearchTestCase -->
