<?xml version="1.0" encoding="UTF-8"?>
<!-- Generated by org.testng.reporters.JUnitReportReporter -->
<testsuite hostname="HP" failures="0" tests="2" name="testNGAnnotation_Flags.AnnotationsClass" time="0.033" errors="0" timestamp="2023-07-19T15:46:58 IST" skipped="0">
  <testcase classname="testNGAnnotation_Flags.AnnotationsClass" name="method1" time="0.021">
    <system-out>
      <![CDATA[testAnnotation]]>
    </system-out>
  </testcase> <!-- method1 -->
  <testcase classname="testNGAnnotation_Flags.AnnotationsClass" name="method10" time="0.012">
    <system-out>
      <![CDATA[TestAnnotation2]]>
    </system-out>
  </testcase> <!-- method10 -->
  <system-out>
    <![CDATA[This is method 6 of BeforesuiteAnnotation
This is method6 of BeforeTestAnnotation
This is method 3 of BeforemethodAnnotation
testAnnotation
This is method2 of Aftermethod Annotation
This is method 3 of BeforemethodAnnotation
TestAnnotation2
This is method2 of Aftermethod Annotation
This is method5 of AfterClassAnnotation
This is method 9 of AfterTestAnnotation
This is method 1 of AfterSuiteAnnotation]]>
  </system-out>
</testsuite> <!-- testNGAnnotation_Flags.AnnotationsClass -->
