<?xml version="1.0" encoding="UTF-8"?>
<!-- Generated by org.testng.reporters.JUnitReportReporter -->
<testsuite hostname="HP" failures="0" tests="1" name="testNGAnnotation_Flags.ActitimeDataprovider" time="118.527" errors="0" timestamp="2023-07-29T11:03:22 IST" skipped="0">
  <testcase classname="testNGAnnotation_Flags.ActitimeDataprovider" name="f" time="118.527"/>
</testsuite> <!-- testNGAnnotation_Flags.ActitimeDataprovider -->
