<?xml version="1.0" encoding="UTF-8"?>
<!-- Generated by org.testng.reporters.JUnitReportReporter -->
<testsuite hostname="HP" failures="0" tests="3" name="testNGPackage.TestCase2" time="30.709" errors="0" timestamp="2023-07-26T12:42:31 IST" skipped="0">
  <testcase classname="testNGPackage.TestCase2" name="loginMethod" time="8.798">
    <system-out>
      <![CDATA[Test started
Test Executed Successfully !!!]]>
    </system-out>
  </testcase> <!-- loginMethod -->
  <testcase classname="testNGPackage.TestCase2" name="logout" time="10.489">
    <system-out>
      <![CDATA[Test started
Test Executed Successfully !!!]]>
    </system-out>
  </testcase> <!-- logout -->
  <testcase classname="testNGPackage.TestCase2" name="CreateUser" time="11.422">
    <system-out>
      <![CDATA[Test started
Test Executed Successfully !!!]]>
    </system-out>
  </testcase> <!-- CreateUser -->
  <system-out>
    <![CDATA[Test actual started
Test started
Test Executed Successfully !!!
Test started
Test Executed Successfully !!!
Test started
Test Executed Successfully !!!]]>
  </system-out>
</testsuite> <!-- testNGPackage.TestCase2 -->
